<?xml version="1.0" encoding="UTF-8"?>
<!-- Generated by org.testng.reporters.JUnitXMLReporter -->
<testsuite ignored="0" hostname="Sivaramakrishna" failures="0" tests="3" name="Default test" time="12.805" errors="0" timestamp="2023-07-28T07:21:09 IST">
  <testcase classname="flipkart.flipkartproject.NewTest" name="f" time="0.011"/>
  <testcase classname="flipkart.flipkartproject.NewTest" name="f" time="0.001"/>
  <testcase classname="flipkart.flipkartproject.NewTest" name="flipkartlogin" time="12.753"/>
</testsuite> <!-- Default test -->
